2024-07-08 16:06:02,997 [INFO] Activator:176 - 


2024-07-08 16:06:03,000 [INFO] Activator:177 - !SESSION log4j initialized
2024-07-08 16:06:05,903 [INFO] LogOutputStream:77 - [STDOUT_REDIRECT] 
2024-07-08 16:06:06,191 [ERROR] ConfigurationRetriever:142 - IOException on connection: sw-center.st.com
2024-07-08 16:06:06,192 [ERROR] ConfigurationRetriever:142 - IOException on connection: sw-center.st.com
2024-07-08 16:06:06,192 [ERROR] ConfigurationRetriever:142 - IOException on connection: sw-center.st.com
2024-07-08 16:06:07,590 [INFO] ApplicationProperties:184 - Using Application install path: /opt/st/stm32cubeide_1.14.0/plugins/com.st.stm32cube.common.mx_6.10.0.202311202037
2024-07-08 16:06:07,605 [INFO] DbMcusXml:78 - Set database path to: /opt/st/stm32cubeide_1.14.0/plugins/com.st.stm32cube.common.mx_6.10.0.202311202037//db//mcu/
2024-07-08 16:06:07,605 [INFO] ApiDb:274 - Set plugin database path to: /opt/st/stm32cubeide_1.14.0/plugins/com.st.stm32cube.common.mx_6.10.0.202311202037//db//plugins/boardmanager/
2024-07-08 16:06:07,606 [WARN] ApiDb:259 - Overriding images path with different value:  => /opt/st/stm32cubeide_1.14.0/plugins/com.st.stm32cube.common.mx_6.10.0.202311202037//db//plugins/mcufinder/images/
2024-07-08 16:06:07,612 [INFO] ApiDb:250 - Set database path to: /home/gunwon/.stmcufinder/plugins/mcufinder//mcu/
2024-07-08 16:06:07,613 [INFO] DbMcusAds:125 - Set database path to: /home/gunwon/.stmcufinder/plugins/mcufinder//mcu/
2024-07-08 16:06:07,616 [INFO] CrossReferenceDbSqlite:203 - Set database path to: /home/gunwon/.stmcufinder/plugins/mcufinder//mcu/cs/
2024-07-08 16:06:07,709 [INFO] RulesReader:64 - Compatibility file has been processed (297 Rules)
2024-07-08 16:06:07,762 [INFO] DbMcusXml:78 - Set database path to: /opt/st/stm32cubeide_1.14.0/plugins/com.st.stm32cube.common.mx_6.10.0.202311202037//db//mcu/
2024-07-08 16:06:07,763 [INFO] ApiDb:274 - Set plugin database path to: /opt/st/stm32cubeide_1.14.0/plugins/com.st.stm32cube.common.mx_6.10.0.202311202037//db//plugins/boardmanager/
2024-07-08 16:06:07,763 [INFO] ApiDb:261 - Set plugin images path to: /opt/st/stm32cubeide_1.14.0/plugins/com.st.stm32cube.common.mx_6.10.0.202311202037//db//plugins/mcufinder/images/
2024-07-08 16:06:07,763 [WARN] DbFile:41 - Overriding database path with different value: /home/gunwon/.stmcufinder/plugins/mcufinder/ => /home/gunwon/.stmcufinder/plugins/mcufinder
2024-07-08 16:06:07,763 [INFO] ApiDb:250 - Set database path to: /home/gunwon/.stmcufinder/plugins/mcufinder//mcu/
2024-07-08 16:06:07,763 [WARN] DbFile:41 - Overriding database path with different value: /home/gunwon/.stmcufinder/plugins/mcufinder/ => /home/gunwon/.stmcufinder/plugins/mcufinder
2024-07-08 16:06:07,763 [INFO] DbMcusAds:125 - Set database path to: /home/gunwon/.stmcufinder/plugins/mcufinder//mcu/
2024-07-08 16:06:07,763 [WARN] DbFile:41 - Overriding database path with different value: /home/gunwon/.stmcufinder/plugins/mcufinder/ => /home/gunwon/.stmcufinder/plugins/mcufinder
2024-07-08 16:06:07,763 [WARN] DbFile:41 - Overriding database path with different value: /home/gunwon/.stmcufinder/plugins/mcufinder/ => /home/gunwon/.stmcufinder/plugins/mcufinder
2024-07-08 16:06:07,764 [INFO] CrossReferenceDbSqlite:203 - Set database path to: /home/gunwon/.stmcufinder/plugins/mcufinder//mcu/cs/
2024-07-08 16:06:07,816 [INFO] MainPanel:264 - HeapMemory: 268435456
2024-07-08 16:06:07,882 [INFO] DbMcusXml:78 - Set database path to: /opt/st/stm32cubeide_1.14.0/plugins/com.st.stm32cube.common.mx_6.10.0.202311202037//db//mcu/
2024-07-08 16:06:07,883 [INFO] ApiDb:274 - Set plugin database path to: /opt/st/stm32cubeide_1.14.0/plugins/com.st.stm32cube.common.mx_6.10.0.202311202037//db//plugins/boardmanager/
2024-07-08 16:06:07,883 [INFO] ApiDb:261 - Set plugin images path to: /opt/st/stm32cubeide_1.14.0/plugins/com.st.stm32cube.common.mx_6.10.0.202311202037//db//plugins/mcufinder/images/
2024-07-08 16:06:07,883 [WARN] DbFile:41 - Overriding database path with different value: /home/gunwon/.stmcufinder/plugins/mcufinder/ => /home/gunwon/.stmcufinder/plugins/mcufinder
2024-07-08 16:06:07,883 [INFO] ApiDb:250 - Set database path to: /home/gunwon/.stmcufinder/plugins/mcufinder//mcu/
2024-07-08 16:06:07,883 [WARN] DbFile:41 - Overriding database path with different value: /home/gunwon/.stmcufinder/plugins/mcufinder/ => /home/gunwon/.stmcufinder/plugins/mcufinder
2024-07-08 16:06:07,883 [INFO] DbMcusAds:125 - Set database path to: /home/gunwon/.stmcufinder/plugins/mcufinder//mcu/
2024-07-08 16:06:07,883 [WARN] DbFile:41 - Overriding database path with different value: /home/gunwon/.stmcufinder/plugins/mcufinder/ => /home/gunwon/.stmcufinder/plugins/mcufinder
2024-07-08 16:06:07,883 [WARN] DbFile:41 - Overriding database path with different value: /home/gunwon/.stmcufinder/plugins/mcufinder/ => /home/gunwon/.stmcufinder/plugins/mcufinder
2024-07-08 16:06:07,883 [INFO] CrossReferenceDbSqlite:203 - Set database path to: /home/gunwon/.stmcufinder/plugins/mcufinder//mcu/cs/
2024-07-08 16:06:07,895 [INFO] ApplicationProperties:184 - Using Application install path: /opt/st/stm32cubeide_1.14.0/plugins/com.st.stm32cube.common.mx_6.10.0.202311202037
2024-07-08 16:06:07,896 [INFO] PluginManage:196 - Search for loadable plugins [exclusion list=, ]
2024-07-08 16:06:07,896 [INFO] PluginManage:310 - Check plugin analytics
2024-07-08 16:06:08,019 [INFO] AnalyticsPlugin:253 - Accepted Software Licenses: 
2024-07-08 16:06:08,019 [INFO] AnalyticsPlugin:255 - Accepted CMSIS Pack Licenses: 
2024-07-08 16:06:08,019 [INFO] AnalyticsPlugin:257 - Accepted Firmware Licenses: FW.F4.1.28.0
2024-07-08 16:06:08,021 [INFO] PluginManage:359 - Loaded plugin analytics (category:tool,tabindex:-1)
2024-07-08 16:06:08,021 [INFO] PluginManage:310 - Check plugin cadmodel
2024-07-08 16:06:08,021 [ERROR] ConfigurationRetriever:142 - IOException on connection: sw-center.st.com
2024-07-08 16:06:08,022 [ERROR] ConfigurationRetriever:142 - IOException on connection: sw-center.st.com
2024-07-08 16:06:08,022 [ERROR] ConfigurationRetriever:142 - IOException on connection: sw-center.st.com
2024-07-08 16:06:08,039 [INFO] CADModel:105 - Init CAD model plugin
2024-07-08 16:06:08,039 [INFO] PluginManage:359 - Loaded plugin cadmodel (category:power,tabindex:5)
2024-07-08 16:06:08,039 [INFO] PluginManage:310 - Check plugin clock
2024-07-08 16:06:08,045 [INFO] PluginManage:359 - Loaded plugin clock (category:base,tabindex:2)
2024-07-08 16:06:08,045 [INFO] PluginManage:310 - Check plugin ddr
2024-07-08 16:06:08,047 [INFO] PluginManage:359 - Loaded plugin ddr (category:tool,tabindex:6)
2024-07-08 16:06:08,047 [INFO] PluginManage:310 - Check plugin filemanager
2024-07-08 16:06:08,130 [INFO] PluginManage:359 - Loaded plugin filemanager (category:base,tabindex:10)
2024-07-08 16:06:08,130 [INFO] PluginManage:310 - Check plugin ipmanager
2024-07-08 16:06:08,134 [INFO] PluginManage:359 - Loaded plugin ipmanager (category:base,tabindex:5)
2024-07-08 16:06:08,134 [INFO] PluginManage:310 - Check plugin lpbam
2024-07-08 16:06:08,140 [INFO] PluginManage:359 - Loaded plugin lpbam (category:base,tabindex:0)
2024-07-08 16:06:08,140 [INFO] PluginManage:310 - Check plugin memorymap
2024-07-08 16:06:08,147 [INFO] PluginManage:359 - Loaded plugin memorymap (category:base,tabindex:4)
2024-07-08 16:06:08,147 [INFO] PluginManage:310 - Check plugin pinoutandconfiguration
2024-07-08 16:06:08,152 [INFO] PluginManage:359 - Loaded plugin pinoutandconfiguration (category:base,tabindex:1)
2024-07-08 16:06:08,153 [INFO] PluginManage:310 - Check plugin pinoutconfig
2024-07-08 16:06:08,203 [WARN] SupportedApi:132 - Cannot load RTOS API schema: s4s-elt-must-match.1: The content of 'definitions' must match (annotation?, (simpleType | complexType)?, (unique | key | keyref)*)). A problem was found starting at: attribute.
2024-07-08 16:06:08,297 [INFO] PluginManage:359 - Loaded plugin pinoutconfig (category:base,tabindex:0)
2024-07-08 16:06:08,297 [INFO] PluginManage:310 - Check plugin power
2024-07-08 16:06:08,304 [INFO] PluginManage:359 - Loaded plugin power (category:power,tabindex:4)
2024-07-08 16:06:08,304 [INFO] PluginManage:310 - Check plugin projectmanager
2024-07-08 16:06:08,314 [INFO] PluginManage:359 - Loaded plugin projectmanager (category:projectmanager,tabindex:3)
2024-07-08 16:06:08,314 [INFO] PluginManage:310 - Check plugin thirdparty
2024-07-08 16:06:08,389 [INFO] PluginManage:359 - Loaded plugin thirdparty (category:base,tabindex:-1)
2024-07-08 16:06:08,389 [WARN] IntegrityCheckThread:84 - waiting for thirdparty lock release [integrity check]
2024-07-08 16:06:08,389 [INFO] PluginManage:310 - Check plugin tools
2024-07-08 16:06:08,389 [INFO] IntegrityCheckThread:86 - entering critical section [integrity check]
2024-07-08 16:06:08,389 [INFO] ThirdPartyUpdaterWithRetryManager:70 - Updater plugin not ready yet. [1/15]
2024-07-08 16:06:08,390 [INFO] PluginManage:359 - Loaded plugin tools (category:base,tabindex:7)
2024-07-08 16:06:08,391 [INFO] PluginManage:310 - Check plugin tutovideos
2024-07-08 16:06:08,501 [INFO] PluginManage:359 - Loaded plugin tutovideos (category:base,tabindex:-1)
2024-07-08 16:06:08,501 [INFO] PluginManage:310 - Check plugin updater
2024-07-08 16:06:08,509 [INFO] PluginManage:359 - Loaded plugin updater (category:base,tabindex:12)
2024-07-08 16:06:08,509 [INFO] PluginManage:310 - Check plugin userauth
2024-07-08 16:06:08,512 [INFO] UserAuth:114 - Init User Auth plugin
2024-07-08 16:06:08,512 [INFO] PluginManage:359 - Loaded plugin userauth (category:base,tabindex:14)
2024-07-08 16:06:08,513 [INFO] PluginManage:283 - PluginManage : Loaded plugins [17]
2024-07-08 16:06:08,630 [INFO] PinOutPanel:1499 - setPackage(No Configuration,No Configuration)
2024-07-08 16:06:08,673 [INFO] CADModel:165 - CPN selected for project level
2024-07-08 16:06:08,674 [INFO] CADModel:114 - Register for checkConnection events
2024-07-08 16:06:08,684 [INFO] IPUIPlugin:80 - create IPUIPlugin
2024-07-08 16:06:08,684 [INFO] PluginManager:220 - loadIPPluginJar : add sai
2024-07-08 16:06:08,686 [INFO] IPUIPlugin:80 - create IPUIPlugin
2024-07-08 16:06:08,686 [INFO] PluginManager:220 - loadIPPluginJar : add tim
2024-07-08 16:06:08,692 [INFO] IPUIPlugin:80 - create IPUIPlugin
2024-07-08 16:06:08,693 [INFO] PluginManager:220 - loadIPPluginJar : add adc
2024-07-08 16:06:08,694 [INFO] IPUIPlugin:80 - create IPUIPlugin
2024-07-08 16:06:08,695 [INFO] PluginManager:220 - loadIPPluginJar : add dma3
2024-07-08 16:06:08,700 [INFO] IPUIPlugin:80 - create IPUIPlugin
2024-07-08 16:06:08,700 [INFO] PluginManager:220 - loadIPPluginJar : add linkedlist
2024-07-08 16:06:08,703 [INFO] IPUIPlugin:80 - create IPUIPlugin
2024-07-08 16:06:08,703 [INFO] PluginManager:220 - loadIPPluginJar : add nvic
2024-07-08 16:06:08,705 [INFO] IPUIPlugin:80 - create IPUIPlugin
2024-07-08 16:06:08,705 [INFO] PluginManager:220 - loadIPPluginJar : add cryp
2024-07-08 16:06:08,706 [INFO] IPUIPlugin:80 - create IPUIPlugin
2024-07-08 16:06:08,706 [INFO] PluginManager:220 - loadIPPluginJar : add comp
2024-07-08 16:06:08,709 [INFO] IPUIPlugin:80 - create IPUIPlugin
2024-07-08 16:06:08,709 [INFO] PluginManager:220 - loadIPPluginJar : add fmc
2024-07-08 16:06:08,710 [INFO] IPUIPlugin:80 - create IPUIPlugin
2024-07-08 16:06:08,710 [INFO] PluginManager:220 - loadIPPluginJar : add usbx
2024-07-08 16:06:08,711 [INFO] IPUIPlugin:80 - create IPUIPlugin
2024-07-08 16:06:08,711 [INFO] PluginManager:220 - loadIPPluginJar : add spi
2024-07-08 16:06:08,713 [INFO] IPUIPlugin:80 - create IPUIPlugin
2024-07-08 16:06:08,713 [INFO] PluginManager:220 - loadIPPluginJar : add usart
2024-07-08 16:06:08,714 [INFO] IPUIPlugin:80 - create IPUIPlugin
2024-07-08 16:06:08,714 [INFO] PluginManager:220 - loadIPPluginJar : add can
2024-07-08 16:06:08,718 [INFO] IPUIPlugin:80 - create IPUIPlugin
2024-07-08 16:06:08,718 [INFO] PluginManager:220 - loadIPPluginJar : add mdma
2024-07-08 16:06:08,719 [INFO] IPUIPlugin:80 - create IPUIPlugin
2024-07-08 16:06:08,719 [INFO] PluginManager:220 - loadIPPluginJar : add ts
2024-07-08 16:06:08,720 [INFO] IPUIPlugin:80 - create IPUIPlugin
2024-07-08 16:06:08,720 [INFO] PluginManager:220 - loadIPPluginJar : add pdm2pcm
2024-07-08 16:06:08,722 [INFO] IPUIPlugin:80 - create IPUIPlugin
2024-07-08 16:06:08,722 [INFO] PluginManager:220 - loadIPPluginJar : add gtzc
2024-07-08 16:06:08,722 [INFO] IPUIPlugin:80 - create IPUIPlugin
2024-07-08 16:06:08,723 [INFO] PluginManager:220 - loadIPPluginJar : add tsc
2024-07-08 16:06:08,724 [INFO] IPUIPlugin:80 - create IPUIPlugin
2024-07-08 16:06:08,724 [INFO] PluginManager:220 - loadIPPluginJar : add i3c
2024-07-08 16:06:08,725 [INFO] IPUIPlugin:80 - create IPUIPlugin
2024-07-08 16:06:08,725 [INFO] PluginManager:220 - loadIPPluginJar : add openamp
2024-07-08 16:06:08,726 [INFO] IPUIPlugin:80 - create IPUIPlugin
2024-07-08 16:06:08,726 [INFO] PluginManager:220 - loadIPPluginJar : add i2s
2024-07-08 16:06:08,728 [INFO] IPUIPlugin:80 - create IPUIPlugin
2024-07-08 16:06:08,728 [INFO] PluginManager:220 - loadIPPluginJar : add ipddr
2024-07-08 16:06:08,730 [INFO] IPUIPlugin:80 - create IPUIPlugin
2024-07-08 16:06:08,730 [INFO] PluginManager:220 - loadIPPluginJar : add gpio
2024-07-08 16:06:08,731 [INFO] IPUIPlugin:80 - create IPUIPlugin
2024-07-08 16:06:08,731 [INFO] PluginManager:220 - loadIPPluginJar : add hash
2024-07-08 16:06:08,732 [INFO] IPUIPlugin:80 - create IPUIPlugin
2024-07-08 16:06:08,732 [INFO] PluginManager:220 - loadIPPluginJar : add fatfs
2024-07-08 16:06:08,734 [INFO] IPUIPlugin:80 - create IPUIPlugin
2024-07-08 16:06:08,734 [INFO] PluginManager:220 - loadIPPluginJar : add opamp
2024-07-08 16:06:08,735 [INFO] IPUIPlugin:80 - create IPUIPlugin
2024-07-08 16:06:08,735 [INFO] PluginManager:220 - loadIPPluginJar : add ucpd
2024-07-08 16:06:08,738 [INFO] IPUIPlugin:80 - create IPUIPlugin
2024-07-08 16:06:08,738 [INFO] PluginManager:220 - loadIPPluginJar : add gic
2024-07-08 16:06:08,740 [INFO] IPUIPlugin:80 - create IPUIPlugin
2024-07-08 16:06:08,741 [INFO] PluginManager:220 - loadIPPluginJar : add dma
2024-07-08 16:06:08,741 [INFO] IPUIPlugin:80 - create IPUIPlugin
2024-07-08 16:06:08,741 [INFO] PluginManager:220 - loadIPPluginJar : add genericplugin
2024-07-08 16:06:08,743 [INFO] IPUIPlugin:80 - create IPUIPlugin
2024-07-08 16:06:08,743 [INFO] PluginManager:220 - loadIPPluginJar : add resmgrutility
2024-07-08 16:06:08,744 [INFO] IPUIPlugin:80 - create IPUIPlugin
2024-07-08 16:06:08,744 [INFO] PluginManager:220 - loadIPPluginJar : add dfsdm
2024-07-08 16:06:08,747 [INFO] IPUIPlugin:80 - create IPUIPlugin
2024-07-08 16:06:08,748 [INFO] PluginManager:220 - loadIPPluginJar : add freertos
2024-07-08 16:06:08,749 [INFO] IPUIPlugin:80 - create IPUIPlugin
2024-07-08 16:06:08,749 [INFO] PluginManager:220 - loadIPPluginJar : add lorawan
2024-07-08 16:06:08,749 [INFO] IPUIPlugin:80 - create IPUIPlugin
2024-07-08 16:06:08,749 [INFO] PluginManager:220 - loadIPPluginJar : add ltdc
2024-07-08 16:06:08,751 [INFO] IPUIPlugin:80 - create IPUIPlugin
2024-07-08 16:06:08,751 [INFO] PluginManager:220 - loadIPPluginJar : add i2c
2024-07-08 16:06:08,753 [INFO] IPUIPlugin:80 - create IPUIPlugin
2024-07-08 16:06:08,753 [INFO] PluginManager:220 - loadIPPluginJar : add stm32_wpan
2024-07-08 16:06:08,755 [INFO] IPUIPlugin:80 - create IPUIPlugin
2024-07-08 16:06:08,755 [INFO] PluginManager:220 - loadIPPluginJar : add touchsensing
2024-07-08 16:06:08,756 [INFO] IPUIPlugin:80 - create IPUIPlugin
2024-07-08 16:06:08,756 [INFO] PluginManager:220 - loadIPPluginJar : add quadspi
2024-07-08 16:06:08,757 [INFO] IPUIPlugin:80 - create IPUIPlugin
2024-07-08 16:06:08,757 [INFO] PluginManager:220 - loadIPPluginJar : add tracer_emb
2024-07-08 16:06:08,758 [INFO] IPUIPlugin:80 - create IPUIPlugin
2024-07-08 16:06:08,758 [INFO] PluginManager:220 - loadIPPluginJar : add aes
2024-07-08 16:06:08,759 [INFO] IPUIPlugin:80 - create IPUIPlugin
2024-07-08 16:06:08,759 [INFO] PluginManager:220 - loadIPPluginJar : add gfxmmu
2024-07-08 16:06:08,762 [INFO] IPUIPlugin:80 - create IPUIPlugin
2024-07-08 16:06:08,764 [INFO] PluginManager:220 - loadIPPluginJar : add plateformsettings
2024-07-08 16:06:08,854 [INFO] CADModel:165 - CPN selected for project level
2024-07-08 16:06:08,854 [INFO] CADModel:114 - Register for checkConnection events
2024-07-08 16:06:08,854 [FATAL] Updater:308 - Updater called before beeing initialized
2024-07-08 16:06:08,854 [ERROR] CADModel:125 - Updater not yet initialized, retry later 
2024-07-08 16:06:08,950 [INFO] CADModel:165 - CPN selected for project level
2024-07-08 16:06:08,950 [INFO] CADModel:114 - Register for checkConnection events
2024-07-08 16:06:08,950 [FATAL] Updater:308 - Updater called before beeing initialized
2024-07-08 16:06:08,950 [ERROR] CADModel:125 - Updater not yet initialized, retry later 
2024-07-08 16:06:08,952 [FATAL] Updater:308 - Updater called before beeing initialized
2024-07-08 16:06:09,009 [FATAL] Updater:308 - Updater called before beeing initialized
2024-07-08 16:06:09,012 [INFO] DbMcusAds:53 - JSON generation date=Wed Nov 29 19:52:27 KST 2023 (1701255147200)
2024-07-08 16:06:09,012 [FATAL] Updater:308 - Updater called before beeing initialized
2024-07-08 16:06:09,040 [WARN] DetailPanel:346 - Failed to get advertising image, set to default
2024-07-08 16:06:09,105 [FATAL] Updater:308 - Updater called before beeing initialized
2024-07-08 16:06:09,106 [FATAL] Updater:308 - Updater called before beeing initialized
2024-07-08 16:06:09,106 [FATAL] Updater:308 - Updater called before beeing initialized
2024-07-08 16:06:09,106 [WARN] DetailPanel:346 - Failed to get advertising image, set to default
2024-07-08 16:06:09,106 [FATAL] Updater:308 - Updater called before beeing initialized
2024-07-08 16:06:09,125 [ERROR] Updater:1120 - MainUpdater not yet initialized. External WinMGr cannot be set.
2024-07-08 16:06:09,126 [INFO] Updater:1056 - Updater Version found : 6.10.0
2024-07-08 16:06:09,137 [INFO] ApplicationProperties:184 - Using Application install path: /opt/st/stm32cubeide_1.14.0/plugins/com.st.stm32cube.common.mx_6.10.0.202311202037
2024-07-08 16:06:09,245 [INFO] MainUpdater:2873 - connection check result : 22
2024-07-08 16:06:09,246 [INFO] MainUpdater:290 - Updater Check For Update Now.
2024-07-08 16:06:09,246 [INFO] MicroXplorer:498 - Change Database Version : DB.6.0.100
2024-07-08 16:06:09,248 [INFO] McuFinderGlobals:63 - Set McuFinder mode to 2 (CubeIDE integrated)
2024-07-08 16:06:09,248 [INFO] UserAuth:180 - activating auth plugin
2024-07-08 16:06:09,250 [INFO] UserAuth:404 - Internet connection configuration mode: 2
2024-07-08 16:06:09,254 [INFO] UserAuth:404 - Internet connection configuration mode: 2
2024-07-08 16:06:09,398 [INFO] CheckServerUpdateThread:120 - End of CheckServer Thread
2024-07-08 16:06:11,491 [WARN] PackLoader:240 - Cannot read IP mode file for STMicroelectronics.FP-SNS-MOTENVWB1.1.4.0
2024-07-08 16:06:11,496 [WARN] PackLoader:240 - Cannot read IP mode file for STMicroelectronics.X-CUBE-SMBUS.2.1.0
2024-07-08 16:06:11,499 [WARN] PackLoader:240 - Cannot read IP mode file for STMicroelectronics.X-CUBE-TOUCHGFX.4.23.0
2024-07-08 16:06:11,500 [WARN] PackLoader:240 - Cannot read IP mode file for STMicroelectronics.X-CUBE-TOUCHGFX.4.23.2
2024-07-08 16:06:11,520 [WARN] PackLoader:240 - Cannot read IP mode file for STMicroelectronics.X-CUBE-AZRTOS-F7.1.1.0
2024-07-08 16:06:11,526 [WARN] PackLoader:240 - Cannot read IP mode file for STMicroelectronics.FP-SNS-MOTENV1.4.3.2
2024-07-08 16:06:11,530 [WARN] PackLoader:240 - Cannot read IP mode file for STMicroelectronics.FP-SNS-FLIGHT1.5.0.2
2024-07-08 16:06:11,536 [WARN] PackLoader:240 - Cannot read IP mode file for STMicroelectronics.X-CUBE-DISPLAY.3.0.0
2024-07-08 16:06:11,543 [WARN] PackLoader:240 - Cannot read IP mode file for STMicroelectronics.X-CUBE-BLE1.7.0.0
2024-07-08 16:06:11,546 [WARN] PackLoader:240 - Cannot read IP mode file for emotas.I-CUBE-CANOPEN.1.3.0
2024-07-08 16:06:11,553 [WARN] PackLoader:240 - Cannot read IP mode file for STMicroelectronics.X-CUBE-BLEMGR.3.1.0
2024-07-08 16:06:11,558 [WARN] PackLoader:240 - Cannot read IP mode file for STMicroelectronics.FP-SNS-SMARTAG2.1.2.0
2024-07-08 16:06:11,565 [INFO] LogOutputStream:77 - [STDOUT_REDIRECT] 1 : Invalid condition id : UX_CORESTACK_Condition cause : null
2024-07-08 16:06:11,565 [INFO] LogOutputStream:77 - [STDOUT_REDIRECT] 1 : Invalid condition id : UX_CORESTACK_Condition cause : null
2024-07-08 16:06:11,565 [INFO] LogOutputStream:77 - [STDOUT_REDIRECT] 1 : Invalid condition id : UX_CORESTACK_Condition cause : null
2024-07-08 16:06:11,565 [INFO] LogOutputStream:77 - [STDOUT_REDIRECT] 1 : Invalid condition id : UX_CORESTACK_Condition cause : null
2024-07-08 16:06:11,565 [INFO] LogOutputStream:77 - [STDOUT_REDIRECT] 1 : Invalid condition id : UX_CORESTACK_Condition cause : null
2024-07-08 16:06:11,577 [WARN] PackLoader:240 - Cannot read IP mode file for STMicroelectronics.X-CUBE-AZRTOS-WL.2.0.0
2024-07-08 16:06:11,580 [WARN] PackLoader:240 - Cannot read IP mode file for STMicroelectronics.FP-SNS-MOTENV1.5.0.0
2024-07-08 16:06:11,583 [WARN] PackLoader:240 - Cannot read IP mode file for wolfSSL.I-CUBE-wolfMQTT.1.19.0
2024-07-08 16:06:11,587 [WARN] PackLoader:240 - Cannot read IP mode file for WES.I-CUBE-Cesium.1.3.0
2024-07-08 16:06:11,589 [WARN] PackLoader:240 - Cannot read IP mode file for STMicroelectronics.X-CUBE-BLE2.3.3.0
2024-07-08 16:06:11,593 [WARN] PackLoader:240 - Cannot read IP mode file for STMicroelectronics.X-CUBE-TCPP.4.1.0
2024-07-08 16:06:11,597 [WARN] PackLoader:240 - Cannot read IP mode file for STMicroelectronics.X-CUBE-ALGOBUILD.1.3.0
2024-07-08 16:06:11,608 [WARN] PackLoader:240 - Cannot read IP mode file for STMicroelectronics.X-CUBE-AZRTOS-G0.1.1.0
2024-07-08 16:06:11,613 [WARN] PackLoader:240 - Cannot read IP mode file for STMicroelectronics.X-CUBE-SAFEA1.1.2.2
2024-07-08 16:06:11,616 [WARN] PackLoader:240 - Cannot read IP mode file for STMicroelectronics.X-CUBE-NFC4.3.0.0
2024-07-08 16:06:11,622 [WARN] PackLoader:240 - Cannot read IP mode file for EmbeddedOffice.I-CUBE-FS-RTOS.1.0.1
2024-07-08 16:06:11,622 [ERROR] ConditionMgr:805 - Attr not supported : Dmpu
2024-07-08 16:06:11,622 [ERROR] ConditionMgr:805 - Attr not supported : Dmpu
2024-07-08 16:06:11,622 [ERROR] ConditionMgr:805 - Attr not supported : Dmpu
2024-07-08 16:06:11,622 [ERROR] ConditionMgr:805 - Attr not supported : Dmpu
2024-07-08 16:06:11,622 [ERROR] ConditionMgr:805 - Attr not supported : Dmpu
2024-07-08 16:06:11,622 [ERROR] ConditionMgr:805 - Attr not supported : Dmpu
2024-07-08 16:06:11,622 [ERROR] ConditionMgr:805 - Attr not supported : Dmpu
2024-07-08 16:06:11,622 [ERROR] ConditionMgr:805 - Attr not supported : Dmpu
2024-07-08 16:06:11,622 [ERROR] ConditionMgr:805 - Attr not supported : Dmpu
2024-07-08 16:06:11,623 [ERROR] ConditionMgr:805 - Attr not supported : Dmpu
2024-07-08 16:06:11,623 [ERROR] ConditionMgr:805 - Attr not supported : Dmpu
2024-07-08 16:06:11,623 [ERROR] ConditionMgr:805 - Attr not supported : Dmpu
2024-07-08 16:06:11,623 [ERROR] ConditionMgr:805 - Attr not supported : Dmpu
2024-07-08 16:06:11,623 [ERROR] ConditionMgr:805 - Attr not supported : Dmpu
2024-07-08 16:06:11,623 [ERROR] ConditionMgr:805 - Attr not supported : Dmpu
2024-07-08 16:06:11,623 [ERROR] ConditionMgr:805 - Attr not supported : Dmpu
2024-07-08 16:06:11,623 [ERROR] ConditionMgr:805 - Attr not supported : Dmpu
2024-07-08 16:06:11,623 [ERROR] ConditionMgr:805 - Attr not supported : Dmpu
2024-07-08 16:06:11,623 [ERROR] ConditionMgr:805 - Attr not supported : Dmpu
2024-07-08 16:06:11,623 [ERROR] ConditionMgr:805 - Attr not supported : Dmpu
2024-07-08 16:06:11,623 [ERROR] ConditionMgr:805 - Attr not supported : Dmpu
2024-07-08 16:06:11,623 [ERROR] ConditionMgr:805 - Attr not supported : Dmpu
2024-07-08 16:06:11,623 [ERROR] ConditionMgr:805 - Attr not supported : Dmpu
2024-07-08 16:06:11,623 [ERROR] ConditionMgr:805 - Attr not supported : Dmpu
2024-07-08 16:06:11,623 [ERROR] ConditionMgr:805 - Attr not supported : Dmpu
2024-07-08 16:06:11,623 [ERROR] ConditionMgr:805 - Attr not supported : Dmpu
2024-07-08 16:06:11,623 [ERROR] ConditionMgr:805 - Attr not supported : Dmpu
2024-07-08 16:06:11,623 [ERROR] ConditionMgr:805 - Attr not supported : Dmpu
2024-07-08 16:06:11,623 [ERROR] ConditionMgr:805 - Attr not supported : Dmpu
2024-07-08 16:06:11,623 [ERROR] ConditionMgr:805 - Attr not supported : Dmpu
2024-07-08 16:06:11,623 [ERROR] ConditionMgr:805 - Attr not supported : Dmpu
2024-07-08 16:06:11,624 [ERROR] ConditionMgr:805 - Attr not supported : Dmpu
2024-07-08 16:06:11,624 [ERROR] ConditionMgr:805 - Attr not supported : Dmpu
2024-07-08 16:06:11,624 [ERROR] ConditionMgr:805 - Attr not supported : Dmpu
2024-07-08 16:06:11,624 [ERROR] ConditionMgr:805 - Attr not supported : Dmpu
2024-07-08 16:06:11,624 [ERROR] ConditionMgr:805 - Attr not supported : Dmpu
2024-07-08 16:06:11,624 [ERROR] ConditionMgr:805 - Attr not supported : Dmpu
2024-07-08 16:06:11,624 [ERROR] ConditionMgr:805 - Attr not supported : Dmpu
2024-07-08 16:06:11,624 [ERROR] ConditionMgr:805 - Attr not supported : Dmpu
2024-07-08 16:06:11,624 [ERROR] ConditionMgr:805 - Attr not supported : Dmpu
2024-07-08 16:06:11,624 [ERROR] ConditionMgr:805 - Attr not supported : Dmpu
2024-07-08 16:06:11,624 [ERROR] ConditionMgr:805 - Attr not supported : Dmpu
2024-07-08 16:06:11,624 [ERROR] ConditionMgr:805 - Attr not supported : Dmpu
2024-07-08 16:06:11,624 [ERROR] ConditionMgr:805 - Attr not supported : Dmpu
2024-07-08 16:06:11,624 [ERROR] ConditionMgr:805 - Attr not supported : Dmpu
2024-07-08 16:06:11,624 [ERROR] ConditionMgr:805 - Attr not supported : Dmpu
2024-07-08 16:06:11,624 [ERROR] ConditionMgr:805 - Attr not supported : Dmpu
2024-07-08 16:06:11,624 [ERROR] ConditionMgr:805 - Attr not supported : Dmpu
2024-07-08 16:06:11,624 [ERROR] ConditionMgr:805 - Attr not supported : Dmpu
2024-07-08 16:06:11,625 [ERROR] ConditionMgr:805 - Attr not supported : Dmpu
2024-07-08 16:06:11,625 [ERROR] ConditionMgr:805 - Attr not supported : Dmpu
2024-07-08 16:06:11,625 [ERROR] ConditionMgr:805 - Attr not supported : Dmpu
2024-07-08 16:06:11,625 [ERROR] ConditionMgr:805 - Attr not supported : Dmpu
2024-07-08 16:06:11,625 [ERROR] ConditionMgr:805 - Attr not supported : Dmpu
2024-07-08 16:06:11,625 [ERROR] ConditionMgr:805 - Attr not supported : Dmpu
2024-07-08 16:06:11,625 [ERROR] ConditionMgr:805 - Attr not supported : Dmpu
2024-07-08 16:06:11,625 [ERROR] ConditionMgr:805 - Attr not supported : Dmpu
2024-07-08 16:06:11,625 [ERROR] ConditionMgr:805 - Attr not supported : Dmpu
2024-07-08 16:06:11,625 [ERROR] ConditionMgr:805 - Attr not supported : Dmpu
2024-07-08 16:06:11,625 [ERROR] ConditionMgr:805 - Attr not supported : Dmpu
2024-07-08 16:06:11,625 [ERROR] ConditionMgr:805 - Attr not supported : Dmpu
2024-07-08 16:06:11,625 [ERROR] ConditionMgr:805 - Attr not supported : Dmpu
2024-07-08 16:06:11,625 [ERROR] ConditionMgr:805 - Attr not supported : Dmpu
2024-07-08 16:06:11,625 [ERROR] ConditionMgr:805 - Attr not supported : Dmpu
2024-07-08 16:06:11,630 [WARN] PackLoader:240 - Cannot read IP mode file for STMicroelectronics.X-CUBE-BLEMGR.3.0.0
2024-07-08 16:06:11,634 [WARN] PackLoader:240 - Cannot read IP mode file for RealThread.X-CUBE-RT-Thread_Nano.4.1.1
2024-07-08 16:06:11,636 [WARN] PackLoader:240 - Cannot read IP mode file for STMicroelectronics.FP-ATR-SIGFOX1.3.2.0
2024-07-08 16:06:11,639 [WARN] PackLoader:240 - Cannot read IP mode file for STMicroelectronics.X-CUBE-EEPRMA1.5.1.0
2024-07-08 16:06:11,658 [WARN] PackLoader:240 - Cannot read IP mode file for SEGGER.I-CUBE-embOS.1.3.1
2024-07-08 16:06:11,684 [WARN] PackLoader:240 - Cannot read IP mode file for STMicroelectronics.X-CUBE-ALGOBUILD.1.4.0
2024-07-08 16:06:11,687 [WARN] PackLoader:240 - Cannot read IP mode file for STMicroelectronics.X-CUBE-GNSS1.6.0.0
2024-07-08 16:06:11,699 [WARN] PackLoader:240 - Cannot read IP mode file for STMicroelectronics.X-CUBE-AZRTOS-F4.1.1.0
2024-07-08 16:06:11,704 [WARN] PackLoader:240 - Cannot read IP mode file for STMicroelectronics.X-CUBE-FREERTOS.1.2.0
2024-07-08 16:06:11,706 [WARN] PackLoader:240 - Cannot read IP mode file for wolfSSL.I-CUBE-wolfSSL.5.6.6
2024-07-08 16:06:11,716 [WARN] PackLoader:240 - Cannot read IP mode file for STMicroelectronics.X-CUBE-AZRTOS-L5.2.0.0
2024-07-08 16:06:11,722 [WARN] PackLoader:240 - Cannot read IP mode file for STMicroelectronics.X-CUBE-NFC6.3.1.0
2024-07-08 16:06:11,726 [WARN] PackLoader:240 - Cannot read IP mode file for ITTIA_DB.I-CUBE-ITTIADB.8.8.0
2024-07-08 16:06:11,729 [WARN] PackLoader:240 - Cannot read IP mode file for STMicroelectronics.X-CUBE-DPower.1.2.0
2024-07-08 16:06:11,731 [WARN] PackLoader:240 - Cannot read IP mode file for STMicroelectronics.X-CUBE-AI.9.0.0
2024-07-08 16:06:11,733 [WARN] PackLoader:240 - Cannot read IP mode file for STMicroelectronics.X-CUBE-NFC7.1.0.1
2024-07-08 16:06:11,736 [WARN] PackLoader:240 - Cannot read IP mode file for wolfSSL.I-CUBE-wolfTPM.3.2.0
2024-07-08 16:06:11,739 [WARN] PackLoader:240 - Cannot read IP mode file for STMicroelectronics.X-CUBE-NFC6.3.0.0
2024-07-08 16:06:11,743 [WARN] PackLoader:240 - Cannot read IP mode file for STMicroelectronics.X-CUBE-AI.8.1.0
2024-07-08 16:06:11,754 [WARN] ConditionMgr:438 - getConditionDescription Invalid condition id : LAN8742 Phy interface Condition cause : null
2024-07-08 16:06:11,754 [WARN] PackLoader:240 - Cannot read IP mode file for STMicroelectronics.X-CUBE-AZRTOS-L4.2.0.0
2024-07-08 16:06:11,755 [WARN] ConditionMgr:1039 - genDependencies : Invalid condition id : LAN8742 Phy interface Condition cause : null
2024-07-08 16:06:11,755 [WARN] ConditionMgr:1039 - genDependencies : Invalid condition id : LAN8742 Phy interface Condition cause : null
2024-07-08 16:06:11,756 [WARN] ConditionMgr:1039 - genDependencies : Invalid condition id : LAN8742 Phy interface Condition cause : null
2024-07-08 16:06:11,760 [WARN] PackLoader:240 - Cannot read IP mode file for STMicroelectronics.X-CUBE-SFXS2LP1.4.0.0
2024-07-08 16:06:11,781 [WARN] ConditionMgr:438 - getConditionDescription Invalid condition id : UX DEVICE CLASS RTOS Condition cause : null
2024-07-08 16:06:11,781 [WARN] ConditionMgr:438 - getConditionDescription Invalid condition id : UX DEVICE CLASS RTOS Condition cause : null
2024-07-08 16:06:11,783 [WARN] PackLoader:240 - Cannot read IP mode file for STMicroelectronics.X-CUBE-AZRTOS-WB.2.0.0
2024-07-08 16:06:11,784 [WARN] ConditionMgr:1039 - genDependencies : Invalid condition id : UX DEVICE CLASS RTOS Condition cause : null
2024-07-08 16:06:11,784 [WARN] ConditionMgr:1039 - genDependencies : Invalid condition id : UX DEVICE CLASS RTOS Condition cause : null
2024-07-08 16:06:11,785 [WARN] ConditionMgr:1039 - genDependencies : Invalid condition id : UX DEVICE CLASS RTOS Condition cause : null
2024-07-08 16:06:11,785 [WARN] ConditionMgr:1039 - genDependencies : Invalid condition id : UX DEVICE CLASS RTOS Condition cause : null
2024-07-08 16:06:11,785 [WARN] ConditionMgr:1039 - genDependencies : Invalid condition id : UX DEVICE CLASS RTOS Condition cause : null
2024-07-08 16:06:11,794 [WARN] PackLoader:240 - Cannot read IP mode file for STMicroelectronics.X-CUBE-SUBG2.5.0.0
2024-07-08 16:06:11,808 [WARN] PackLoader:240 - Cannot read IP mode file for STMicroelectronics.X-CUBE-AZRTOS-G4.2.0.0
2024-07-08 16:06:11,817 [WARN] PackLoader:240 - Cannot read IP mode file for Infineon.AIROC-Wi-Fi-Bluetooth-STM32.1.5.1
2024-07-08 16:06:11,822 [WARN] PackLoader:240 - Cannot read IP mode file for STMicroelectronics.FP-SNS-MOTENVWB1.1.3.1
2024-07-08 16:06:11,824 [WARN] PackLoader:240 - Cannot read IP mode file for STMicroelectronics.X-CUBE-ISPU.2.0.0
2024-07-08 16:06:11,826 [WARN] PackLoader:240 - Cannot read IP mode file for STMicroelectronics.X-CUBE-ALS.1.0.2
2024-07-08 16:06:11,856 [WARN] PackLoader:240 - Cannot read IP mode file for STMicroelectronics.X-CUBE-MEMS1.10.0.0
2024-07-08 16:06:11,945 [WARN] PackLoader:240 - Cannot read IP mode file for STMicroelectronics.X-CUBE-FREERTOS.1.1.0
2024-07-08 16:06:11,947 [WARN] PackLoader:240 - Cannot read IP mode file for STMicroelectronics.X-CUBE-TOUCHGFX.4.24.0
2024-07-08 16:06:11,949 [WARN] PackLoader:240 - Cannot read IP mode file for portGmbH.I-Cube-SoM-uGOAL.1.1.0
2024-07-08 16:06:11,952 [WARN] PackLoader:240 - Cannot read IP mode file for STMicroelectronics.X-CUBE-ALS.1.0.1
2024-07-08 16:06:11,961 [WARN] PackLoader:240 - Cannot read IP mode file for STMicroelectronics.X-CUBE-AZRTOS-H7RS.1.0.0
2024-07-08 16:06:11,964 [WARN] PackLoader:240 - Cannot read IP mode file for STMicroelectronics.FP-ATR-ASTRA1.2.0.0
2024-07-08 16:06:11,970 [WARN] PackLoader:240 - Cannot read IP mode file for STMicroelectronics.X-CUBE-TOF1.3.4.0
2024-07-08 16:06:11,981 [WARN] PackLoader:240 - Cannot read IP mode file for STMicroelectronics.X-CUBE-TOF1.3.4.1
2024-07-08 16:06:11,998 [WARN] PackLoader:240 - Cannot read IP mode file for STMicroelectronics.X-CUBE-AZRTOS-H7.3.2.0
2024-07-08 16:06:12,001 [INFO] ThirdParty:978 - Integrity check success = true
2024-07-08 16:06:12,001 [INFO] IntegrityCheckThread:100 - exiting critical section [integrity check]
2024-07-08 16:06:12,001 [INFO] IntegrityCheckThread:103 - End integrity checks thread
2024-07-08 16:06:29,438 [ERROR] LogOutputStream:75 - [STDERR_REDIRECT] SLF4J: Failed to load class "org.slf4j.impl.StaticLoggerBinder".
2024-07-08 16:06:29,438 [ERROR] LogOutputStream:75 - [STDERR_REDIRECT] SLF4J: Defaulting to no-operation (NOP) logger implementation
2024-07-08 16:06:29,439 [ERROR] LogOutputStream:75 - [STDERR_REDIRECT] SLF4J: See http://www.slf4j.org/codes.html#StaticLoggerBinder for further details.
