2024-07-05 17:24:36,528 [INFO] Activator:176 - 


2024-07-05 17:24:36,531 [INFO] Activator:177 - !SESSION log4j initialized
2024-07-05 17:24:40,563 [INFO] LogOutputStream:77 - [STDOUT_REDIRECT] 
2024-07-05 17:24:41,554 [INFO] ApplicationProperties:184 - Using Application install path: /opt/st/stm32cubeide_1.14.0/plugins/com.st.stm32cube.common.mx_6.10.0.202311202037
2024-07-05 17:24:41,565 [INFO] DbMcusXml:78 - Set database path to: /opt/st/stm32cubeide_1.14.0/plugins/com.st.stm32cube.common.mx_6.10.0.202311202037//db//mcu/
2024-07-05 17:24:41,565 [INFO] ApiDb:274 - Set plugin database path to: /opt/st/stm32cubeide_1.14.0/plugins/com.st.stm32cube.common.mx_6.10.0.202311202037//db//plugins/boardmanager/
2024-07-05 17:24:41,565 [WARN] ApiDb:259 - Overriding images path with different value:  => /opt/st/stm32cubeide_1.14.0/plugins/com.st.stm32cube.common.mx_6.10.0.202311202037//db//plugins/mcufinder/images/
2024-07-05 17:24:41,569 [INFO] ApiDb:250 - Set database path to: /home/gunwon/.stmcufinder/plugins/mcufinder//mcu/
2024-07-05 17:24:41,570 [INFO] DbMcusAds:125 - Set database path to: /home/gunwon/.stmcufinder/plugins/mcufinder//mcu/
2024-07-05 17:24:41,572 [INFO] CrossReferenceDbSqlite:203 - Set database path to: /home/gunwon/.stmcufinder/plugins/mcufinder//mcu/cs/
2024-07-05 17:24:41,665 [INFO] RulesReader:64 - Compatibility file has been processed (297 Rules)
2024-07-05 17:24:41,706 [INFO] DbMcusXml:78 - Set database path to: /opt/st/stm32cubeide_1.14.0/plugins/com.st.stm32cube.common.mx_6.10.0.202311202037//db//mcu/
2024-07-05 17:24:41,706 [INFO] ApiDb:274 - Set plugin database path to: /opt/st/stm32cubeide_1.14.0/plugins/com.st.stm32cube.common.mx_6.10.0.202311202037//db//plugins/boardmanager/
2024-07-05 17:24:41,706 [INFO] ApiDb:261 - Set plugin images path to: /opt/st/stm32cubeide_1.14.0/plugins/com.st.stm32cube.common.mx_6.10.0.202311202037//db//plugins/mcufinder/images/
2024-07-05 17:24:41,707 [WARN] DbFile:41 - Overriding database path with different value: /home/gunwon/.stmcufinder/plugins/mcufinder/ => /home/gunwon/.stmcufinder/plugins/mcufinder
2024-07-05 17:24:41,707 [INFO] ApiDb:250 - Set database path to: /home/gunwon/.stmcufinder/plugins/mcufinder//mcu/
2024-07-05 17:24:41,707 [WARN] DbFile:41 - Overriding database path with different value: /home/gunwon/.stmcufinder/plugins/mcufinder/ => /home/gunwon/.stmcufinder/plugins/mcufinder
2024-07-05 17:24:41,707 [INFO] DbMcusAds:125 - Set database path to: /home/gunwon/.stmcufinder/plugins/mcufinder//mcu/
2024-07-05 17:24:41,707 [WARN] DbFile:41 - Overriding database path with different value: /home/gunwon/.stmcufinder/plugins/mcufinder/ => /home/gunwon/.stmcufinder/plugins/mcufinder
2024-07-05 17:24:41,707 [WARN] DbFile:41 - Overriding database path with different value: /home/gunwon/.stmcufinder/plugins/mcufinder/ => /home/gunwon/.stmcufinder/plugins/mcufinder
2024-07-05 17:24:41,707 [INFO] CrossReferenceDbSqlite:203 - Set database path to: /home/gunwon/.stmcufinder/plugins/mcufinder//mcu/cs/
2024-07-05 17:24:41,750 [INFO] MainPanel:264 - HeapMemory: 268435456
2024-07-05 17:24:41,809 [INFO] DbMcusXml:78 - Set database path to: /opt/st/stm32cubeide_1.14.0/plugins/com.st.stm32cube.common.mx_6.10.0.202311202037//db//mcu/
2024-07-05 17:24:41,809 [INFO] ApiDb:274 - Set plugin database path to: /opt/st/stm32cubeide_1.14.0/plugins/com.st.stm32cube.common.mx_6.10.0.202311202037//db//plugins/boardmanager/
2024-07-05 17:24:41,809 [INFO] ApiDb:261 - Set plugin images path to: /opt/st/stm32cubeide_1.14.0/plugins/com.st.stm32cube.common.mx_6.10.0.202311202037//db//plugins/mcufinder/images/
2024-07-05 17:24:41,810 [WARN] DbFile:41 - Overriding database path with different value: /home/gunwon/.stmcufinder/plugins/mcufinder/ => /home/gunwon/.stmcufinder/plugins/mcufinder
2024-07-05 17:24:41,810 [INFO] ApiDb:250 - Set database path to: /home/gunwon/.stmcufinder/plugins/mcufinder//mcu/
2024-07-05 17:24:41,810 [WARN] DbFile:41 - Overriding database path with different value: /home/gunwon/.stmcufinder/plugins/mcufinder/ => /home/gunwon/.stmcufinder/plugins/mcufinder
2024-07-05 17:24:41,810 [INFO] DbMcusAds:125 - Set database path to: /home/gunwon/.stmcufinder/plugins/mcufinder//mcu/
2024-07-05 17:24:41,810 [WARN] DbFile:41 - Overriding database path with different value: /home/gunwon/.stmcufinder/plugins/mcufinder/ => /home/gunwon/.stmcufinder/plugins/mcufinder
2024-07-05 17:24:41,810 [WARN] DbFile:41 - Overriding database path with different value: /home/gunwon/.stmcufinder/plugins/mcufinder/ => /home/gunwon/.stmcufinder/plugins/mcufinder
2024-07-05 17:24:41,810 [INFO] CrossReferenceDbSqlite:203 - Set database path to: /home/gunwon/.stmcufinder/plugins/mcufinder//mcu/cs/
2024-07-05 17:24:41,820 [INFO] ApplicationProperties:184 - Using Application install path: /opt/st/stm32cubeide_1.14.0/plugins/com.st.stm32cube.common.mx_6.10.0.202311202037
2024-07-05 17:24:41,821 [INFO] PluginManage:196 - Search for loadable plugins [exclusion list=, ]
2024-07-05 17:24:41,822 [INFO] PluginManage:310 - Check plugin analytics
2024-07-05 17:24:41,929 [INFO] AnalyticsPlugin:253 - Accepted Software Licenses: 
2024-07-05 17:24:41,929 [INFO] AnalyticsPlugin:255 - Accepted CMSIS Pack Licenses: 
2024-07-05 17:24:41,929 [INFO] AnalyticsPlugin:257 - Accepted Firmware Licenses: FW.F4.1.28.0
2024-07-05 17:24:41,930 [INFO] PluginManage:359 - Loaded plugin analytics (category:tool,tabindex:-1)
2024-07-05 17:24:41,931 [INFO] PluginManage:310 - Check plugin cadmodel
2024-07-05 17:24:41,949 [INFO] CADModel:105 - Init CAD model plugin
2024-07-05 17:24:41,949 [INFO] PluginManage:359 - Loaded plugin cadmodel (category:power,tabindex:5)
2024-07-05 17:24:41,949 [INFO] PluginManage:310 - Check plugin clock
2024-07-05 17:24:41,956 [INFO] PluginManage:359 - Loaded plugin clock (category:base,tabindex:2)
2024-07-05 17:24:41,956 [INFO] PluginManage:310 - Check plugin ddr
2024-07-05 17:24:41,957 [INFO] PluginManage:359 - Loaded plugin ddr (category:tool,tabindex:6)
2024-07-05 17:24:41,957 [INFO] PluginManage:310 - Check plugin filemanager
2024-07-05 17:24:42,037 [INFO] PluginManage:359 - Loaded plugin filemanager (category:base,tabindex:10)
2024-07-05 17:24:42,037 [INFO] PluginManage:310 - Check plugin ipmanager
2024-07-05 17:24:42,040 [INFO] PluginManage:359 - Loaded plugin ipmanager (category:base,tabindex:5)
2024-07-05 17:24:42,040 [INFO] PluginManage:310 - Check plugin lpbam
2024-07-05 17:24:42,047 [INFO] PluginManage:359 - Loaded plugin lpbam (category:base,tabindex:0)
2024-07-05 17:24:42,047 [INFO] PluginManage:310 - Check plugin memorymap
2024-07-05 17:24:42,054 [INFO] PluginManage:359 - Loaded plugin memorymap (category:base,tabindex:4)
2024-07-05 17:24:42,054 [INFO] PluginManage:310 - Check plugin pinoutandconfiguration
2024-07-05 17:24:42,059 [INFO] PluginManage:359 - Loaded plugin pinoutandconfiguration (category:base,tabindex:1)
2024-07-05 17:24:42,059 [INFO] PluginManage:310 - Check plugin pinoutconfig
2024-07-05 17:24:42,110 [WARN] SupportedApi:132 - Cannot load RTOS API schema: s4s-elt-must-match.1: The content of 'definitions' must match (annotation?, (simpleType | complexType)?, (unique | key | keyref)*)). A problem was found starting at: attribute.
2024-07-05 17:24:42,191 [INFO] PluginManage:359 - Loaded plugin pinoutconfig (category:base,tabindex:0)
2024-07-05 17:24:42,192 [INFO] PluginManage:310 - Check plugin power
2024-07-05 17:24:42,198 [INFO] PluginManage:359 - Loaded plugin power (category:power,tabindex:4)
2024-07-05 17:24:42,198 [INFO] PluginManage:310 - Check plugin projectmanager
2024-07-05 17:24:42,208 [INFO] PluginManage:359 - Loaded plugin projectmanager (category:projectmanager,tabindex:3)
2024-07-05 17:24:42,208 [INFO] PluginManage:310 - Check plugin thirdparty
2024-07-05 17:24:42,280 [INFO] PluginManage:359 - Loaded plugin thirdparty (category:base,tabindex:-1)
2024-07-05 17:24:42,280 [WARN] IntegrityCheckThread:84 - waiting for thirdparty lock release [integrity check]
2024-07-05 17:24:42,280 [INFO] PluginManage:310 - Check plugin tools
2024-07-05 17:24:42,280 [INFO] IntegrityCheckThread:86 - entering critical section [integrity check]
2024-07-05 17:24:42,280 [INFO] ThirdPartyUpdaterWithRetryManager:70 - Updater plugin not ready yet. [1/15]
2024-07-05 17:24:42,281 [INFO] PluginManage:359 - Loaded plugin tools (category:base,tabindex:7)
2024-07-05 17:24:42,281 [INFO] PluginManage:310 - Check plugin tutovideos
2024-07-05 17:24:42,388 [INFO] PluginManage:359 - Loaded plugin tutovideos (category:base,tabindex:-1)
2024-07-05 17:24:42,388 [INFO] PluginManage:310 - Check plugin updater
2024-07-05 17:24:42,395 [INFO] PluginManage:359 - Loaded plugin updater (category:base,tabindex:12)
2024-07-05 17:24:42,395 [INFO] PluginManage:310 - Check plugin userauth
2024-07-05 17:24:42,399 [INFO] UserAuth:114 - Init User Auth plugin
2024-07-05 17:24:42,399 [INFO] PluginManage:359 - Loaded plugin userauth (category:base,tabindex:14)
2024-07-05 17:24:42,399 [INFO] PluginManage:283 - PluginManage : Loaded plugins [17]
2024-07-05 17:24:42,522 [INFO] PinOutPanel:1499 - setPackage(No Configuration,No Configuration)
2024-07-05 17:24:42,557 [INFO] CADModel:165 - CPN selected for project level
2024-07-05 17:24:42,557 [INFO] CADModel:114 - Register for checkConnection events
2024-07-05 17:24:42,564 [INFO] IPUIPlugin:80 - create IPUIPlugin
2024-07-05 17:24:42,564 [INFO] PluginManager:220 - loadIPPluginJar : add sai
2024-07-05 17:24:42,565 [INFO] IPUIPlugin:80 - create IPUIPlugin
2024-07-05 17:24:42,565 [INFO] PluginManager:220 - loadIPPluginJar : add tim
2024-07-05 17:24:42,570 [INFO] IPUIPlugin:80 - create IPUIPlugin
2024-07-05 17:24:42,570 [INFO] PluginManager:220 - loadIPPluginJar : add adc
2024-07-05 17:24:42,571 [INFO] IPUIPlugin:80 - create IPUIPlugin
2024-07-05 17:24:42,571 [INFO] PluginManager:220 - loadIPPluginJar : add dma3
2024-07-05 17:24:42,575 [INFO] IPUIPlugin:80 - create IPUIPlugin
2024-07-05 17:24:42,576 [INFO] PluginManager:220 - loadIPPluginJar : add linkedlist
2024-07-05 17:24:42,578 [INFO] IPUIPlugin:80 - create IPUIPlugin
2024-07-05 17:24:42,578 [INFO] PluginManager:220 - loadIPPluginJar : add nvic
2024-07-05 17:24:42,579 [INFO] IPUIPlugin:80 - create IPUIPlugin
2024-07-05 17:24:42,579 [INFO] PluginManager:220 - loadIPPluginJar : add cryp
2024-07-05 17:24:42,580 [INFO] IPUIPlugin:80 - create IPUIPlugin
2024-07-05 17:24:42,580 [INFO] PluginManager:220 - loadIPPluginJar : add comp
2024-07-05 17:24:42,582 [INFO] IPUIPlugin:80 - create IPUIPlugin
2024-07-05 17:24:42,582 [INFO] PluginManager:220 - loadIPPluginJar : add fmc
2024-07-05 17:24:42,583 [INFO] IPUIPlugin:80 - create IPUIPlugin
2024-07-05 17:24:42,583 [INFO] PluginManager:220 - loadIPPluginJar : add usbx
2024-07-05 17:24:42,585 [INFO] IPUIPlugin:80 - create IPUIPlugin
2024-07-05 17:24:42,585 [INFO] PluginManager:220 - loadIPPluginJar : add spi
2024-07-05 17:24:42,586 [INFO] IPUIPlugin:80 - create IPUIPlugin
2024-07-05 17:24:42,586 [INFO] PluginManager:220 - loadIPPluginJar : add usart
2024-07-05 17:24:42,587 [INFO] IPUIPlugin:80 - create IPUIPlugin
2024-07-05 17:24:42,587 [INFO] PluginManager:220 - loadIPPluginJar : add can
2024-07-05 17:24:42,591 [INFO] IPUIPlugin:80 - create IPUIPlugin
2024-07-05 17:24:42,591 [INFO] PluginManager:220 - loadIPPluginJar : add mdma
2024-07-05 17:24:42,592 [INFO] IPUIPlugin:80 - create IPUIPlugin
2024-07-05 17:24:42,592 [INFO] PluginManager:220 - loadIPPluginJar : add ts
2024-07-05 17:24:42,594 [INFO] IPUIPlugin:80 - create IPUIPlugin
2024-07-05 17:24:42,594 [INFO] PluginManager:220 - loadIPPluginJar : add pdm2pcm
2024-07-05 17:24:42,596 [INFO] IPUIPlugin:80 - create IPUIPlugin
2024-07-05 17:24:42,596 [INFO] PluginManager:220 - loadIPPluginJar : add gtzc
2024-07-05 17:24:42,596 [INFO] IPUIPlugin:80 - create IPUIPlugin
2024-07-05 17:24:42,596 [INFO] PluginManager:220 - loadIPPluginJar : add tsc
2024-07-05 17:24:42,598 [INFO] IPUIPlugin:80 - create IPUIPlugin
2024-07-05 17:24:42,598 [INFO] PluginManager:220 - loadIPPluginJar : add i3c
2024-07-05 17:24:42,599 [INFO] IPUIPlugin:80 - create IPUIPlugin
2024-07-05 17:24:42,599 [INFO] PluginManager:220 - loadIPPluginJar : add openamp
2024-07-05 17:24:42,600 [INFO] IPUIPlugin:80 - create IPUIPlugin
2024-07-05 17:24:42,600 [INFO] PluginManager:220 - loadIPPluginJar : add i2s
2024-07-05 17:24:42,602 [INFO] IPUIPlugin:80 - create IPUIPlugin
2024-07-05 17:24:42,602 [INFO] PluginManager:220 - loadIPPluginJar : add ipddr
2024-07-05 17:24:42,605 [INFO] IPUIPlugin:80 - create IPUIPlugin
2024-07-05 17:24:42,605 [INFO] PluginManager:220 - loadIPPluginJar : add gpio
2024-07-05 17:24:42,606 [INFO] IPUIPlugin:80 - create IPUIPlugin
2024-07-05 17:24:42,606 [INFO] PluginManager:220 - loadIPPluginJar : add hash
2024-07-05 17:24:42,607 [INFO] IPUIPlugin:80 - create IPUIPlugin
2024-07-05 17:24:42,607 [INFO] PluginManager:220 - loadIPPluginJar : add fatfs
2024-07-05 17:24:42,608 [INFO] IPUIPlugin:80 - create IPUIPlugin
2024-07-05 17:24:42,608 [INFO] PluginManager:220 - loadIPPluginJar : add opamp
2024-07-05 17:24:42,609 [INFO] IPUIPlugin:80 - create IPUIPlugin
2024-07-05 17:24:42,609 [INFO] PluginManager:220 - loadIPPluginJar : add ucpd
2024-07-05 17:24:42,613 [INFO] IPUIPlugin:80 - create IPUIPlugin
2024-07-05 17:24:42,613 [INFO] PluginManager:220 - loadIPPluginJar : add gic
2024-07-05 17:24:42,616 [INFO] IPUIPlugin:80 - create IPUIPlugin
2024-07-05 17:24:42,616 [INFO] PluginManager:220 - loadIPPluginJar : add dma
2024-07-05 17:24:42,617 [INFO] IPUIPlugin:80 - create IPUIPlugin
2024-07-05 17:24:42,617 [INFO] PluginManager:220 - loadIPPluginJar : add genericplugin
2024-07-05 17:24:42,619 [INFO] IPUIPlugin:80 - create IPUIPlugin
2024-07-05 17:24:42,619 [INFO] PluginManager:220 - loadIPPluginJar : add resmgrutility
2024-07-05 17:24:42,620 [INFO] IPUIPlugin:80 - create IPUIPlugin
2024-07-05 17:24:42,620 [INFO] PluginManager:220 - loadIPPluginJar : add dfsdm
2024-07-05 17:24:42,624 [INFO] IPUIPlugin:80 - create IPUIPlugin
2024-07-05 17:24:42,624 [INFO] PluginManager:220 - loadIPPluginJar : add freertos
2024-07-05 17:24:42,625 [INFO] IPUIPlugin:80 - create IPUIPlugin
2024-07-05 17:24:42,625 [INFO] PluginManager:220 - loadIPPluginJar : add lorawan
2024-07-05 17:24:42,626 [INFO] IPUIPlugin:80 - create IPUIPlugin
2024-07-05 17:24:42,626 [INFO] PluginManager:220 - loadIPPluginJar : add ltdc
2024-07-05 17:24:42,627 [INFO] IPUIPlugin:80 - create IPUIPlugin
2024-07-05 17:24:42,627 [INFO] PluginManager:220 - loadIPPluginJar : add i2c
2024-07-05 17:24:42,630 [INFO] IPUIPlugin:80 - create IPUIPlugin
2024-07-05 17:24:42,630 [INFO] PluginManager:220 - loadIPPluginJar : add stm32_wpan
2024-07-05 17:24:42,631 [INFO] IPUIPlugin:80 - create IPUIPlugin
2024-07-05 17:24:42,631 [INFO] PluginManager:220 - loadIPPluginJar : add touchsensing
2024-07-05 17:24:42,632 [INFO] IPUIPlugin:80 - create IPUIPlugin
2024-07-05 17:24:42,632 [INFO] PluginManager:220 - loadIPPluginJar : add quadspi
2024-07-05 17:24:42,633 [INFO] IPUIPlugin:80 - create IPUIPlugin
2024-07-05 17:24:42,633 [INFO] PluginManager:220 - loadIPPluginJar : add tracer_emb
2024-07-05 17:24:42,634 [INFO] IPUIPlugin:80 - create IPUIPlugin
2024-07-05 17:24:42,634 [INFO] PluginManager:220 - loadIPPluginJar : add aes
2024-07-05 17:24:42,636 [INFO] IPUIPlugin:80 - create IPUIPlugin
2024-07-05 17:24:42,636 [INFO] PluginManager:220 - loadIPPluginJar : add gfxmmu
2024-07-05 17:24:42,639 [INFO] IPUIPlugin:80 - create IPUIPlugin
2024-07-05 17:24:42,641 [INFO] PluginManager:220 - loadIPPluginJar : add plateformsettings
2024-07-05 17:24:42,729 [INFO] CADModel:165 - CPN selected for project level
2024-07-05 17:24:42,730 [INFO] CADModel:114 - Register for checkConnection events
2024-07-05 17:24:42,730 [FATAL] Updater:308 - Updater called before beeing initialized
2024-07-05 17:24:42,730 [ERROR] CADModel:125 - Updater not yet initialized, retry later 
2024-07-05 17:24:42,803 [INFO] CADModel:165 - CPN selected for project level
2024-07-05 17:24:42,803 [INFO] CADModel:114 - Register for checkConnection events
2024-07-05 17:24:42,803 [FATAL] Updater:308 - Updater called before beeing initialized
2024-07-05 17:24:42,804 [ERROR] CADModel:125 - Updater not yet initialized, retry later 
2024-07-05 17:24:42,805 [FATAL] Updater:308 - Updater called before beeing initialized
2024-07-05 17:24:42,856 [FATAL] Updater:308 - Updater called before beeing initialized
2024-07-05 17:24:42,858 [INFO] DbMcusAds:53 - JSON generation date=Wed Nov 29 19:52:27 KST 2023 (1701255147200)
2024-07-05 17:24:42,858 [FATAL] Updater:308 - Updater called before beeing initialized
2024-07-05 17:24:42,884 [WARN] DetailPanel:346 - Failed to get advertising image, set to default
2024-07-05 17:24:42,971 [FATAL] Updater:308 - Updater called before beeing initialized
2024-07-05 17:24:42,973 [FATAL] Updater:308 - Updater called before beeing initialized
2024-07-05 17:24:42,973 [FATAL] Updater:308 - Updater called before beeing initialized
2024-07-05 17:24:42,973 [WARN] DetailPanel:346 - Failed to get advertising image, set to default
2024-07-05 17:24:42,974 [FATAL] Updater:308 - Updater called before beeing initialized
2024-07-05 17:24:42,994 [ERROR] Updater:1120 - MainUpdater not yet initialized. External WinMGr cannot be set.
2024-07-05 17:24:42,995 [INFO] Updater:1056 - Updater Version found : 6.10.0
2024-07-05 17:24:43,014 [INFO] ApplicationProperties:184 - Using Application install path: /opt/st/stm32cubeide_1.14.0/plugins/com.st.stm32cube.common.mx_6.10.0.202311202037
2024-07-05 17:24:43,249 [INFO] MainUpdater:2873 - connection check result : 10
2024-07-05 17:24:43,249 [INFO] MainUpdater:290 - Updater Check For Update Now.
2024-07-05 17:24:43,249 [INFO] MicroXplorer:498 - Change Database Version : DB.6.0.100
2024-07-05 17:24:43,252 [INFO] McuFinderGlobals:63 - Set McuFinder mode to 2 (CubeIDE integrated)
2024-07-05 17:24:43,252 [INFO] UserAuth:180 - activating auth plugin
2024-07-05 17:24:43,254 [INFO] UserAuth:404 - Internet connection configuration mode: 1
2024-07-05 17:24:43,263 [INFO] JxBrowserEngine:152 - Initiate JxBrowser Engine with user profile folder
2024-07-05 17:24:43,404 [INFO] CheckServerUpdateThread:120 - End of CheckServer Thread
2024-07-05 17:24:44,097 [INFO] WebApp:161 - Instantiating new browser for Auth
2024-07-05 17:24:44,625 [INFO] WebApp:780 - Register for checkConnection events
2024-07-05 17:24:44,625 [INFO] WebApp:414 - Apply proxy settings
2024-07-05 17:24:44,625 [INFO] WebApp:499 - Chromium requires no authentication
2024-07-05 17:24:44,629 [INFO] WebApp:442 - Direct internet connection detected
2024-07-05 17:24:44,714 [INFO] WebApp:192 - Starting web application
2024-07-05 17:24:44,715 [INFO] WebApp:544 - Web application path used /opt/st/stm32cubeide_1.14.0/plugins/com.st.stm32cube.common.mx_6.10.0.202311202037/db/plugins/mcufinder/reactClient1/index.html
2024-07-05 17:24:45,373 [WARN] PackLoader:240 - Cannot read IP mode file for STMicroelectronics.FP-SNS-MOTENVWB1.1.4.0
2024-07-05 17:24:45,381 [WARN] PackLoader:240 - Cannot read IP mode file for STMicroelectronics.X-CUBE-SMBUS.2.1.0
2024-07-05 17:24:45,384 [WARN] PackLoader:240 - Cannot read IP mode file for STMicroelectronics.X-CUBE-TOUCHGFX.4.23.0
2024-07-05 17:24:45,386 [WARN] PackLoader:240 - Cannot read IP mode file for STMicroelectronics.X-CUBE-TOUCHGFX.4.23.2
2024-07-05 17:24:45,414 [WARN] PackLoader:240 - Cannot read IP mode file for STMicroelectronics.X-CUBE-AZRTOS-F7.1.1.0
2024-07-05 17:24:45,424 [WARN] PackLoader:240 - Cannot read IP mode file for STMicroelectronics.FP-SNS-MOTENV1.4.3.2
2024-07-05 17:24:45,431 [WARN] PackLoader:240 - Cannot read IP mode file for STMicroelectronics.FP-SNS-FLIGHT1.5.0.2
2024-07-05 17:24:45,439 [WARN] PackLoader:240 - Cannot read IP mode file for STMicroelectronics.X-CUBE-DISPLAY.3.0.0
2024-07-05 17:24:45,450 [WARN] PackLoader:240 - Cannot read IP mode file for STMicroelectronics.X-CUBE-BLE1.7.0.0
2024-07-05 17:24:45,455 [WARN] PackLoader:240 - Cannot read IP mode file for emotas.I-CUBE-CANOPEN.1.3.0
2024-07-05 17:24:45,465 [WARN] PackLoader:240 - Cannot read IP mode file for STMicroelectronics.X-CUBE-BLEMGR.3.1.0
2024-07-05 17:24:45,472 [WARN] PackLoader:240 - Cannot read IP mode file for STMicroelectronics.FP-SNS-SMARTAG2.1.2.0
2024-07-05 17:24:45,483 [INFO] LogOutputStream:77 - [STDOUT_REDIRECT] 1 : Invalid condition id : UX_CORESTACK_Condition cause : null
2024-07-05 17:24:45,484 [INFO] LogOutputStream:77 - [STDOUT_REDIRECT] 1 : Invalid condition id : UX_CORESTACK_Condition cause : null
2024-07-05 17:24:45,484 [INFO] LogOutputStream:77 - [STDOUT_REDIRECT] 1 : Invalid condition id : UX_CORESTACK_Condition cause : null
2024-07-05 17:24:45,484 [INFO] LogOutputStream:77 - [STDOUT_REDIRECT] 1 : Invalid condition id : UX_CORESTACK_Condition cause : null
2024-07-05 17:24:45,484 [INFO] LogOutputStream:77 - [STDOUT_REDIRECT] 1 : Invalid condition id : UX_CORESTACK_Condition cause : null
2024-07-05 17:24:45,487 [WARN] PackLoader:240 - Cannot read IP mode file for STMicroelectronics.X-CUBE-AZRTOS-WL.2.0.0
2024-07-05 17:24:45,490 [WARN] PackLoader:240 - Cannot read IP mode file for STMicroelectronics.FP-SNS-MOTENV1.5.0.0
2024-07-05 17:24:45,492 [WARN] PackLoader:240 - Cannot read IP mode file for wolfSSL.I-CUBE-wolfMQTT.1.19.0
2024-07-05 17:24:45,496 [WARN] PackLoader:240 - Cannot read IP mode file for WES.I-CUBE-Cesium.1.3.0
2024-07-05 17:24:45,499 [WARN] PackLoader:240 - Cannot read IP mode file for STMicroelectronics.X-CUBE-BLE2.3.3.0
2024-07-05 17:24:45,502 [WARN] PackLoader:240 - Cannot read IP mode file for STMicroelectronics.X-CUBE-TCPP.4.1.0
2024-07-05 17:24:45,507 [WARN] PackLoader:240 - Cannot read IP mode file for STMicroelectronics.X-CUBE-ALGOBUILD.1.3.0
2024-07-05 17:24:45,520 [WARN] PackLoader:240 - Cannot read IP mode file for STMicroelectronics.X-CUBE-AZRTOS-G0.1.1.0
2024-07-05 17:24:45,525 [WARN] PackLoader:240 - Cannot read IP mode file for STMicroelectronics.X-CUBE-SAFEA1.1.2.2
2024-07-05 17:24:45,529 [WARN] PackLoader:240 - Cannot read IP mode file for STMicroelectronics.X-CUBE-NFC4.3.0.0
2024-07-05 17:24:45,535 [WARN] PackLoader:240 - Cannot read IP mode file for STMicroelectronics.X-CUBE-BLEMGR.3.0.0
2024-07-05 17:24:45,538 [WARN] PackLoader:240 - Cannot read IP mode file for STMicroelectronics.FP-ATR-SIGFOX1.3.2.0
2024-07-05 17:24:45,542 [WARN] PackLoader:240 - Cannot read IP mode file for STMicroelectronics.X-CUBE-EEPRMA1.5.1.0
2024-07-05 17:24:45,562 [WARN] PackLoader:240 - Cannot read IP mode file for SEGGER.I-CUBE-embOS.1.3.1
2024-07-05 17:24:45,618 [WARN] PackLoader:240 - Cannot read IP mode file for STMicroelectronics.X-CUBE-ALGOBUILD.1.4.0
2024-07-05 17:24:45,632 [WARN] PackLoader:240 - Cannot read IP mode file for STMicroelectronics.X-CUBE-GNSS1.6.0.0
2024-07-05 17:24:45,658 [WARN] PackLoader:240 - Cannot read IP mode file for STMicroelectronics.X-CUBE-AZRTOS-F4.1.1.0
2024-07-05 17:24:45,663 [WARN] PackLoader:240 - Cannot read IP mode file for STMicroelectronics.X-CUBE-FREERTOS.1.2.0
2024-07-05 17:24:45,665 [WARN] PackLoader:240 - Cannot read IP mode file for wolfSSL.I-CUBE-wolfSSL.5.6.6
2024-07-05 17:24:45,679 [WARN] PackLoader:240 - Cannot read IP mode file for STMicroelectronics.X-CUBE-AZRTOS-L5.2.0.0
2024-07-05 17:24:45,685 [WARN] PackLoader:240 - Cannot read IP mode file for STMicroelectronics.X-CUBE-NFC6.3.1.0
2024-07-05 17:24:45,689 [WARN] PackLoader:240 - Cannot read IP mode file for ITTIA_DB.I-CUBE-ITTIADB.8.8.0
2024-07-05 17:24:45,691 [WARN] PackLoader:240 - Cannot read IP mode file for STMicroelectronics.X-CUBE-AI.9.0.0
2024-07-05 17:24:45,694 [WARN] PackLoader:240 - Cannot read IP mode file for STMicroelectronics.X-CUBE-NFC7.1.0.1
2024-07-05 17:24:45,699 [WARN] PackLoader:240 - Cannot read IP mode file for STMicroelectronics.X-CUBE-NFC6.3.0.0
2024-07-05 17:24:45,702 [WARN] PackLoader:240 - Cannot read IP mode file for STMicroelectronics.X-CUBE-AI.8.1.0
2024-07-05 17:24:45,717 [WARN] ConditionMgr:438 - getConditionDescription Invalid condition id : LAN8742 Phy interface Condition cause : null
2024-07-05 17:24:45,717 [WARN] PackLoader:240 - Cannot read IP mode file for STMicroelectronics.X-CUBE-AZRTOS-L4.2.0.0
2024-07-05 17:24:45,718 [WARN] ConditionMgr:1039 - genDependencies : Invalid condition id : LAN8742 Phy interface Condition cause : null
2024-07-05 17:24:45,718 [WARN] ConditionMgr:1039 - genDependencies : Invalid condition id : LAN8742 Phy interface Condition cause : null
2024-07-05 17:24:45,719 [WARN] ConditionMgr:1039 - genDependencies : Invalid condition id : LAN8742 Phy interface Condition cause : null
2024-07-05 17:24:45,724 [WARN] PackLoader:240 - Cannot read IP mode file for STMicroelectronics.X-CUBE-SFXS2LP1.4.0.0
2024-07-05 17:24:45,736 [WARN] ConditionMgr:438 - getConditionDescription Invalid condition id : UX DEVICE CLASS RTOS Condition cause : null
2024-07-05 17:24:45,736 [WARN] ConditionMgr:438 - getConditionDescription Invalid condition id : UX DEVICE CLASS RTOS Condition cause : null
2024-07-05 17:24:45,737 [WARN] PackLoader:240 - Cannot read IP mode file for STMicroelectronics.X-CUBE-AZRTOS-WB.2.0.0
2024-07-05 17:24:45,738 [WARN] ConditionMgr:1039 - genDependencies : Invalid condition id : UX DEVICE CLASS RTOS Condition cause : null
2024-07-05 17:24:45,738 [WARN] ConditionMgr:1039 - genDependencies : Invalid condition id : UX DEVICE CLASS RTOS Condition cause : null
2024-07-05 17:24:45,738 [WARN] ConditionMgr:1039 - genDependencies : Invalid condition id : UX DEVICE CLASS RTOS Condition cause : null
2024-07-05 17:24:45,738 [WARN] ConditionMgr:1039 - genDependencies : Invalid condition id : UX DEVICE CLASS RTOS Condition cause : null
2024-07-05 17:24:45,738 [WARN] ConditionMgr:1039 - genDependencies : Invalid condition id : UX DEVICE CLASS RTOS Condition cause : null
2024-07-05 17:24:45,746 [WARN] PackLoader:240 - Cannot read IP mode file for STMicroelectronics.X-CUBE-SUBG2.5.0.0
2024-07-05 17:24:45,760 [WARN] PackLoader:240 - Cannot read IP mode file for STMicroelectronics.X-CUBE-AZRTOS-G4.2.0.0
2024-07-05 17:24:45,772 [WARN] PackLoader:240 - Cannot read IP mode file for Infineon.AIROC-Wi-Fi-Bluetooth-STM32.1.5.1
2024-07-05 17:24:45,776 [WARN] PackLoader:240 - Cannot read IP mode file for STMicroelectronics.FP-SNS-MOTENVWB1.1.3.1
2024-07-05 17:24:45,778 [WARN] PackLoader:240 - Cannot read IP mode file for STMicroelectronics.X-CUBE-ISPU.2.0.0
2024-07-05 17:24:45,780 [WARN] PackLoader:240 - Cannot read IP mode file for STMicroelectronics.X-CUBE-ALS.1.0.2
2024-07-05 17:24:45,813 [WARN] PackLoader:240 - Cannot read IP mode file for STMicroelectronics.X-CUBE-MEMS1.10.0.0
2024-07-05 17:24:45,911 [WARN] PackLoader:240 - Cannot read IP mode file for STMicroelectronics.X-CUBE-FREERTOS.1.1.0
2024-07-05 17:24:45,913 [WARN] PackLoader:240 - Cannot read IP mode file for STMicroelectronics.X-CUBE-TOUCHGFX.4.24.0
2024-07-05 17:24:45,916 [WARN] PackLoader:240 - Cannot read IP mode file for portGmbH.I-Cube-SoM-uGOAL.1.1.0
2024-07-05 17:24:45,917 [WARN] PackLoader:240 - Cannot read IP mode file for STMicroelectronics.X-CUBE-ALS.1.0.1
2024-07-05 17:24:45,933 [WARN] PackLoader:240 - Cannot read IP mode file for STMicroelectronics.X-CUBE-AZRTOS-H7RS.1.0.0
2024-07-05 17:24:45,936 [WARN] PackLoader:240 - Cannot read IP mode file for STMicroelectronics.FP-ATR-ASTRA1.2.0.0
2024-07-05 17:24:45,944 [WARN] PackLoader:240 - Cannot read IP mode file for STMicroelectronics.X-CUBE-TOF1.3.4.0
2024-07-05 17:24:45,960 [WARN] PackLoader:240 - Cannot read IP mode file for STMicroelectronics.X-CUBE-TOF1.3.4.1
2024-07-05 17:24:45,989 [WARN] PackLoader:240 - Cannot read IP mode file for STMicroelectronics.X-CUBE-AZRTOS-H7.3.2.0
2024-07-05 17:24:45,992 [INFO] ThirdParty:978 - Integrity check success = true
2024-07-05 17:24:45,992 [INFO] IntegrityCheckThread:100 - exiting critical section [integrity check]
2024-07-05 17:24:45,992 [INFO] IntegrityCheckThread:103 - End integrity checks thread
2024-07-05 17:25:05,000 [ERROR] LogOutputStream:75 - [STDERR_REDIRECT] SLF4J: Failed to load class "org.slf4j.impl.StaticLoggerBinder".
2024-07-05 17:25:05,000 [ERROR] LogOutputStream:75 - [STDERR_REDIRECT] SLF4J: Defaulting to no-operation (NOP) logger implementation
2024-07-05 17:25:05,001 [ERROR] LogOutputStream:75 - [STDERR_REDIRECT] SLF4J: See http://www.slf4j.org/codes.html#StaticLoggerBinder for further details.
2024-07-05 18:11:56,188 [ERROR] LogOutputStream:75 - [STDERR_REDIRECT] 
